CRITICAL - 2022-07-03 14:03:35 --> syntax error, unexpected double-quoted string "https://locallhost:8080/", expecting "," or ";"
in APPPATH\Config\Website.php on line 8.
 1 SYSTEMPATH\Autoloader\Autoloader.php(261): CodeIgniter\Autoloader\Autoloader->includeFile('APPPATH\\Config\\Website.php')
 2 SYSTEMPATH\Autoloader\Autoloader.php(239): CodeIgniter\Autoloader\Autoloader->loadInNamespace('Config\\Website')
 3 [internal function]: CodeIgniter\Autoloader\Autoloader->loadClass('Config\\Website')
 4 SYSTEMPATH\Config\Factories.php(152): class_exists('Config\\Website')
 5 SYSTEMPATH\Config\Factories.php(122): CodeIgniter\Config\Factories::locateClass([...], 'Website')
 6 SYSTEMPATH\Common.php(198): CodeIgniter\Config\Factories::__callStatic('config', [])
 7 APPPATH\Controllers\Home.php(9): config('Website')
 8 SYSTEMPATH\CodeIgniter.php(898): App\Controllers\Home->index()
 9 SYSTEMPATH\CodeIgniter.php(468): CodeIgniter\CodeIgniter->runController(Object(App\Controllers\Home))
10 SYSTEMPATH\CodeIgniter.php(351): CodeIgniter\CodeIgniter->handleRequest(null, Object(Config\Cache), false)
11 FCPATH\index.php(55): CodeIgniter\CodeIgniter->run()
12 SYSTEMPATH\Commands\Server\rewrite.php(43): require_once('FCPATH\\index.php')
CRITICAL - 2022-07-03 14:04:22 --> syntax error, unexpected double-quoted string "https://locallhost:8080/", expecting "," or ";"
in APPPATH\Config\Website.php on line 8.
 1 SYSTEMPATH\Autoloader\Autoloader.php(261): CodeIgniter\Autoloader\Autoloader->includeFile('APPPATH\\Config\\Website.php')
 2 SYSTEMPATH\Autoloader\Autoloader.php(239): CodeIgniter\Autoloader\Autoloader->loadInNamespace('Config\\Website')
 3 [internal function]: CodeIgniter\Autoloader\Autoloader->loadClass('Config\\Website')
 4 SYSTEMPATH\Config\Factories.php(152): class_exists('Config\\Website')
 5 SYSTEMPATH\Config\Factories.php(122): CodeIgniter\Config\Factories::locateClass([...], 'Website')
 6 SYSTEMPATH\Common.php(198): CodeIgniter\Config\Factories::__callStatic('config', [])
 7 APPPATH\Controllers\Home.php(9): config('Website')
 8 SYSTEMPATH\CodeIgniter.php(898): App\Controllers\Home->index()
 9 SYSTEMPATH\CodeIgniter.php(468): CodeIgniter\CodeIgniter->runController(Object(App\Controllers\Home))
10 SYSTEMPATH\CodeIgniter.php(351): CodeIgniter\CodeIgniter->handleRequest(null, Object(Config\Cache), false)
11 FCPATH\index.php(55): CodeIgniter\CodeIgniter->run()
12 SYSTEMPATH\Commands\Server\rewrite.php(43): require_once('FCPATH\\index.php')
CRITICAL - 2022-07-03 14:04:27 --> syntax error, unexpected double-quoted string "https://locallhost:8080/", expecting "," or ";"
in APPPATH\Config\Website.php on line 8.
 1 SYSTEMPATH\Autoloader\Autoloader.php(261): CodeIgniter\Autoloader\Autoloader->includeFile('APPPATH\\Config\\Website.php')
 2 SYSTEMPATH\Autoloader\Autoloader.php(239): CodeIgniter\Autoloader\Autoloader->loadInNamespace('Config\\Website')
 3 [internal function]: CodeIgniter\Autoloader\Autoloader->loadClass('Config\\Website')
 4 SYSTEMPATH\Config\Factories.php(152): class_exists('Config\\Website')
 5 SYSTEMPATH\Config\Factories.php(122): CodeIgniter\Config\Factories::locateClass([...], 'Website')
 6 SYSTEMPATH\Common.php(198): CodeIgniter\Config\Factories::__callStatic('config', [])
 7 APPPATH\Controllers\Home.php(9): config('Website')
 8 SYSTEMPATH\CodeIgniter.php(898): App\Controllers\Home->index()
 9 SYSTEMPATH\CodeIgniter.php(468): CodeIgniter\CodeIgniter->runController(Object(App\Controllers\Home))
10 SYSTEMPATH\CodeIgniter.php(351): CodeIgniter\CodeIgniter->handleRequest(null, Object(Config\Cache), false)
11 FCPATH\index.php(55): CodeIgniter\CodeIgniter->run()
12 SYSTEMPATH\Commands\Server\rewrite.php(43): require_once('FCPATH\\index.php')
CRITICAL - 2022-07-03 14:06:51 --> syntax error, unexpected double-quoted string "https://localhost:8080/", expecting "," or ";"
in APPPATH\Config\Website.php on line 8.
 1 SYSTEMPATH\Autoloader\Autoloader.php(261): CodeIgniter\Autoloader\Autoloader->includeFile('APPPATH\\Config\\Website.php')
 2 SYSTEMPATH\Autoloader\Autoloader.php(239): CodeIgniter\Autoloader\Autoloader->loadInNamespace('Config\\Website')
 3 [internal function]: CodeIgniter\Autoloader\Autoloader->loadClass('Config\\Website')
 4 SYSTEMPATH\Config\Factories.php(152): class_exists('Config\\Website')
 5 SYSTEMPATH\Config\Factories.php(122): CodeIgniter\Config\Factories::locateClass([...], 'Website')
 6 SYSTEMPATH\Common.php(198): CodeIgniter\Config\Factories::__callStatic('config', [])
 7 APPPATH\Controllers\Home.php(9): config('Website')
 8 SYSTEMPATH\CodeIgniter.php(898): App\Controllers\Home->index()
 9 SYSTEMPATH\CodeIgniter.php(468): CodeIgniter\CodeIgniter->runController(Object(App\Controllers\Home))
10 SYSTEMPATH\CodeIgniter.php(351): CodeIgniter\CodeIgniter->handleRequest(null, Object(Config\Cache), false)
11 FCPATH\index.php(55): CodeIgniter\CodeIgniter->run()
12 SYSTEMPATH\Commands\Server\rewrite.php(43): require_once('FCPATH\\index.php')
CRITICAL - 2022-07-03 14:07:55 --> syntax error, unexpected single-quoted string "http://localhost:8080/", expecting "," or ";"
in APPPATH\Config\Website.php on line 8.
 1 SYSTEMPATH\Autoloader\Autoloader.php(261): CodeIgniter\Autoloader\Autoloader->includeFile('APPPATH\\Config\\Website.php')
 2 SYSTEMPATH\Autoloader\Autoloader.php(239): CodeIgniter\Autoloader\Autoloader->loadInNamespace('Config\\Website')
 3 [internal function]: CodeIgniter\Autoloader\Autoloader->loadClass('Config\\Website')
 4 SYSTEMPATH\Config\Factories.php(152): class_exists('Config\\Website')
 5 SYSTEMPATH\Config\Factories.php(122): CodeIgniter\Config\Factories::locateClass([...], 'Website')
 6 SYSTEMPATH\Common.php(198): CodeIgniter\Config\Factories::__callStatic('config', [])
 7 APPPATH\Controllers\Home.php(9): config('Website')
 8 SYSTEMPATH\CodeIgniter.php(898): App\Controllers\Home->index()
 9 SYSTEMPATH\CodeIgniter.php(468): CodeIgniter\CodeIgniter->runController(Object(App\Controllers\Home))
10 SYSTEMPATH\CodeIgniter.php(351): CodeIgniter\CodeIgniter->handleRequest(null, Object(Config\Cache), false)
11 FCPATH\index.php(55): CodeIgniter\CodeIgniter->run()
12 SYSTEMPATH\Commands\Server\rewrite.php(43): require_once('FCPATH\\index.php')
CRITICAL - 2022-07-03 14:08:35 --> syntax error, unexpected single-quoted string "http://localhost:8080/", expecting "," or ";"
in APPPATH\Config\Website.php on line 8.
 1 SYSTEMPATH\Autoloader\Autoloader.php(261): CodeIgniter\Autoloader\Autoloader->includeFile('APPPATH\\Config\\Website.php')
 2 SYSTEMPATH\Autoloader\Autoloader.php(239): CodeIgniter\Autoloader\Autoloader->loadInNamespace('Config\\Website')
 3 [internal function]: CodeIgniter\Autoloader\Autoloader->loadClass('Config\\Website')
 4 SYSTEMPATH\Config\Factories.php(152): class_exists('Config\\Website')
 5 SYSTEMPATH\Config\Factories.php(122): CodeIgniter\Config\Factories::locateClass([...], 'Website')
 6 SYSTEMPATH\Common.php(198): CodeIgniter\Config\Factories::__callStatic('config', [])
 7 APPPATH\Controllers\Home.php(9): config('Website')
 8 SYSTEMPATH\CodeIgniter.php(898): App\Controllers\Home->index()
 9 SYSTEMPATH\CodeIgniter.php(468): CodeIgniter\CodeIgniter->runController(Object(App\Controllers\Home))
10 SYSTEMPATH\CodeIgniter.php(351): CodeIgniter\CodeIgniter->handleRequest(null, Object(Config\Cache), false)
11 FCPATH\index.php(55): CodeIgniter\CodeIgniter->run()
12 SYSTEMPATH\Commands\Server\rewrite.php(43): require_once('FCPATH\\index.php')
CRITICAL - 2022-07-03 14:13:34 --> syntax error, unexpected single-quoted string "http://localhost:8080/", expecting "," or ";"
in APPPATH\Config\Website.php on line 8.
 1 SYSTEMPATH\Autoloader\Autoloader.php(261): CodeIgniter\Autoloader\Autoloader->includeFile('APPPATH\\Config\\Website.php')
 2 SYSTEMPATH\Autoloader\Autoloader.php(239): CodeIgniter\Autoloader\Autoloader->loadInNamespace('Config\\Website')
 3 [internal function]: CodeIgniter\Autoloader\Autoloader->loadClass('Config\\Website')
 4 SYSTEMPATH\Config\Factories.php(152): class_exists('Config\\Website')
 5 SYSTEMPATH\Config\Factories.php(122): CodeIgniter\Config\Factories::locateClass([...], 'Website')
 6 SYSTEMPATH\Common.php(198): CodeIgniter\Config\Factories::__callStatic('config', [])
 7 APPPATH\Controllers\Home.php(9): config('Website')
 8 SYSTEMPATH\CodeIgniter.php(898): App\Controllers\Home->index()
 9 SYSTEMPATH\CodeIgniter.php(468): CodeIgniter\CodeIgniter->runController(Object(App\Controllers\Home))
10 SYSTEMPATH\CodeIgniter.php(351): CodeIgniter\CodeIgniter->handleRequest(null, Object(Config\Cache), false)
11 FCPATH\index.php(55): CodeIgniter\CodeIgniter->run()
12 SYSTEMPATH\Commands\Server\rewrite.php(43): require_once('FCPATH\\index.php')
CRITICAL - 2022-07-03 14:34:04 --> Undefined variable $websiteConf
in APPPATH\Views\dashboard\default.php on line 10.
 1 APPPATH\Views\dashboard\default.php(10): CodeIgniter\Debug\Exceptions->errorHandler(2, 'Undefined variable $websiteConf', 'APPPATH\\Views\\dashboard\\default.php', 10)
 2 SYSTEMPATH\View\View.php(213): include('APPPATH\\Views\\dashboard\\default.php')
 3 SYSTEMPATH\View\View.php(216): CodeIgniter\View\View->CodeIgniter\View\{closure}()
 4 SYSTEMPATH\Common.php(1135): CodeIgniter\View\View->render('dashboard/default', [], true)
 5 APPPATH\Controllers\Home.php(11): view('dashboard/default')
 6 SYSTEMPATH\CodeIgniter.php(898): App\Controllers\Home->index()
 7 SYSTEMPATH\CodeIgniter.php(468): CodeIgniter\CodeIgniter->runController(Object(App\Controllers\Home))
 8 SYSTEMPATH\CodeIgniter.php(351): CodeIgniter\CodeIgniter->handleRequest(null, Object(Config\Cache), false)
 9 FCPATH\index.php(55): CodeIgniter\CodeIgniter->run()
10 SYSTEMPATH\Commands\Server\rewrite.php(43): require_once('FCPATH\\index.php')
CRITICAL - 2022-07-03 14:37:14 --> Undefined variable $websiteConf
in APPPATH\Views\dashboard\default.php on line 10.
 1 APPPATH\Views\dashboard\default.php(10): CodeIgniter\Debug\Exceptions->errorHandler(2, 'Undefined variable $websiteConf', 'APPPATH\\Views\\dashboard\\default.php', 10)
 2 SYSTEMPATH\View\View.php(213): include('APPPATH\\Views\\dashboard\\default.php')
 3 SYSTEMPATH\View\View.php(216): CodeIgniter\View\View->CodeIgniter\View\{closure}()
 4 SYSTEMPATH\Common.php(1135): CodeIgniter\View\View->render('dashboard/default', [], true)
 5 APPPATH\Controllers\Home.php(11): view('dashboard/default')
 6 SYSTEMPATH\CodeIgniter.php(898): App\Controllers\Home->index()
 7 SYSTEMPATH\CodeIgniter.php(468): CodeIgniter\CodeIgniter->runController(Object(App\Controllers\Home))
 8 SYSTEMPATH\CodeIgniter.php(351): CodeIgniter\CodeIgniter->handleRequest(null, Object(Config\Cache), false)
 9 FCPATH\index.php(55): CodeIgniter\CodeIgniter->run()
10 SYSTEMPATH\Commands\Server\rewrite.php(43): require_once('FCPATH\\index.php')
CRITICAL - 2022-07-03 14:37:17 --> Undefined variable $websiteConf
in APPPATH\Views\dashboard\default.php on line 10.
 1 APPPATH\Views\dashboard\default.php(10): CodeIgniter\Debug\Exceptions->errorHandler(2, 'Undefined variable $websiteConf', 'APPPATH\\Views\\dashboard\\default.php', 10)
 2 SYSTEMPATH\View\View.php(213): include('APPPATH\\Views\\dashboard\\default.php')
 3 SYSTEMPATH\View\View.php(216): CodeIgniter\View\View->CodeIgniter\View\{closure}()
 4 SYSTEMPATH\Common.php(1135): CodeIgniter\View\View->render('dashboard/default', [], true)
 5 APPPATH\Controllers\Home.php(11): view('dashboard/default')
 6 SYSTEMPATH\CodeIgniter.php(898): App\Controllers\Home->index()
 7 SYSTEMPATH\CodeIgniter.php(468): CodeIgniter\CodeIgniter->runController(Object(App\Controllers\Home))
 8 SYSTEMPATH\CodeIgniter.php(351): CodeIgniter\CodeIgniter->handleRequest(null, Object(Config\Cache), false)
 9 FCPATH\index.php(55): CodeIgniter\CodeIgniter->run()
10 SYSTEMPATH\Commands\Server\rewrite.php(43): require_once('FCPATH\\index.php')
CRITICAL - 2022-07-03 14:40:08 --> Undefined variable $websiteConf
in APPPATH\Views\dashboard\default.php on line 10.
 1 APPPATH\Views\dashboard\default.php(10): CodeIgniter\Debug\Exceptions->errorHandler(2, 'Undefined variable $websiteConf', 'APPPATH\\Views\\dashboard\\default.php', 10)
 2 SYSTEMPATH\View\View.php(213): include('APPPATH\\Views\\dashboard\\default.php')
 3 SYSTEMPATH\View\View.php(216): CodeIgniter\View\View->CodeIgniter\View\{closure}()
 4 SYSTEMPATH\Common.php(1135): CodeIgniter\View\View->render('dashboard/default', [], true)
 5 APPPATH\Controllers\Home.php(11): view('dashboard/default')
 6 SYSTEMPATH\CodeIgniter.php(898): App\Controllers\Home->index()
 7 SYSTEMPATH\CodeIgniter.php(468): CodeIgniter\CodeIgniter->runController(Object(App\Controllers\Home))
 8 SYSTEMPATH\CodeIgniter.php(351): CodeIgniter\CodeIgniter->handleRequest(null, Object(Config\Cache), false)
 9 FCPATH\index.php(55): CodeIgniter\CodeIgniter->run()
10 SYSTEMPATH\Commands\Server\rewrite.php(43): require_once('FCPATH\\index.php')
CRITICAL - 2022-07-03 14:40:10 --> Undefined variable $websiteConf
in APPPATH\Views\dashboard\default.php on line 10.
 1 APPPATH\Views\dashboard\default.php(10): CodeIgniter\Debug\Exceptions->errorHandler(2, 'Undefined variable $websiteConf', 'APPPATH\\Views\\dashboard\\default.php', 10)
 2 SYSTEMPATH\View\View.php(213): include('APPPATH\\Views\\dashboard\\default.php')
 3 SYSTEMPATH\View\View.php(216): CodeIgniter\View\View->CodeIgniter\View\{closure}()
 4 SYSTEMPATH\Common.php(1135): CodeIgniter\View\View->render('dashboard/default', [], true)
 5 APPPATH\Controllers\Home.php(11): view('dashboard/default')
 6 SYSTEMPATH\CodeIgniter.php(898): App\Controllers\Home->index()
 7 SYSTEMPATH\CodeIgniter.php(468): CodeIgniter\CodeIgniter->runController(Object(App\Controllers\Home))
 8 SYSTEMPATH\CodeIgniter.php(351): CodeIgniter\CodeIgniter->handleRequest(null, Object(Config\Cache), false)
 9 FCPATH\index.php(55): CodeIgniter\CodeIgniter->run()
10 SYSTEMPATH\Commands\Server\rewrite.php(43): require_once('FCPATH\\index.php')
